[18:02:40 - main] [Cooja.java:3181] [WARN] - JAVA_HOME environment variable not set, Cooja motes may not compile
[18:02:40 - main] [Cooja.java:1324] [INFO] - > Starting Cooja
[18:02:41 - main] [Cooja.java:2865] [INFO] - External tools default settings: /external_tools_linux_64.config
[18:02:41 - main] [Cooja.java:2895] [INFO] - External tools user settings: /home/user/.cooja.user.properties
[18:02:41 - main] [Simulation.java:420] [INFO] - Simulation random seed: -1639037581980158975
[18:02:41 - main] [CompileContiki.java:140] [INFO] - > make udp-server.z1 TARGET=z1 
[18:02:41 - main] [CompileContiki.java:140] [INFO] - > make er-example-observe-client-16-0.z1 TARGET=z1 
[18:02:41 - main] [CompileContiki.java:140] [INFO] - > make er-example-server.z1 TARGET=z1 
[18:02:41 - main] [MspMote.java:235] [INFO] - Loading firmware from: /home/user/LabWork/FBB/contiki-3/examples/er-rest-example/../ipv6/rpl-udp/udp-server.z1
[18:02:41 - main] [MspMote.java:235] [INFO] - Loading firmware from: /home/user/LabWork/FBB/contiki-3/examples/er-rest-example/er-example-observe-client-16-0.z1
[18:02:42 - main] [MspMote.java:235] [INFO] - Loading firmware from: /home/user/LabWork/FBB/contiki-3/examples/er-rest-example/er-example-server.z1
[18:02:42 - main] [MspMote.java:235] [INFO] - Loading firmware from: /home/user/LabWork/FBB/contiki-3/examples/er-rest-example/er-example-server.z1
[18:02:42 - main] [MspMote.java:235] [INFO] - Loading firmware from: /home/user/LabWork/FBB/contiki-3/examples/er-rest-example/er-example-server.z1
[18:02:42 - main] [MspMote.java:235] [INFO] - Loading firmware from: /home/user/LabWork/FBB/contiki-3/examples/er-rest-example/er-example-server.z1
[18:02:42 - main] [MspMote.java:235] [INFO] - Loading firmware from: /home/user/LabWork/FBB/contiki-3/examples/er-rest-example/er-example-server.z1
[18:02:42 - main] [MspMote.java:235] [INFO] - Loading firmware from: /home/user/LabWork/FBB/contiki-3/examples/er-rest-example/er-example-server.z1
[18:02:42 - main] [MspMote.java:235] [INFO] - Loading firmware from: /home/user/LabWork/FBB/contiki-3/examples/er-rest-example/er-example-server.z1
[18:02:42 - main] [MspMote.java:235] [INFO] - Loading firmware from: /home/user/LabWork/FBB/contiki-3/examples/er-rest-example/er-example-server.z1
[18:02:42 - main] [MspMote.java:235] [INFO] - Loading firmware from: /home/user/LabWork/FBB/contiki-3/examples/er-rest-example/er-example-server.z1
[18:02:42 - main] [MspMote.java:235] [INFO] - Loading firmware from: /home/user/LabWork/FBB/contiki-3/examples/er-rest-example/er-example-server.z1
[18:02:42 - main] [MspMote.java:235] [INFO] - Loading firmware from: /home/user/LabWork/FBB/contiki-3/examples/er-rest-example/er-example-server.z1
[18:02:42 - main] [MspMote.java:235] [INFO] - Loading firmware from: /home/user/LabWork/FBB/contiki-3/examples/er-rest-example/er-example-server.z1
[18:02:42 - main] [MspMote.java:235] [INFO] - Loading firmware from: /home/user/LabWork/FBB/contiki-3/examples/er-rest-example/er-example-server.z1
[18:02:42 - main] [MspMote.java:235] [INFO] - Loading firmware from: /home/user/LabWork/FBB/contiki-3/examples/er-rest-example/er-example-server.z1
[18:02:42 - main] [Cooja.java:1790] [INFO] - Visualized plugin was not started: class org.contikios.cooja.plugins.SimControl
[18:02:42 - main] [Cooja.java:1790] [INFO] - Visualized plugin was not started: class org.contikios.cooja.plugins.Visualizer
[18:02:42 - main] [Cooja.java:1790] [INFO] - Visualized plugin was not started: class org.contikios.cooja.plugins.LogListener
[18:02:42 - main] [Cooja.java:1790] [INFO] - Visualized plugin was not started: class org.contikios.cooja.plugins.TimeLine
[18:02:42 - main] [Cooja.java:1790] [INFO] - Visualized plugin was not started: class org.contikios.cooja.plugins.Notes
[18:02:43 - main] [ScriptRunner.java:429] [INFO] - Test script deactivated
[18:02:43 - main] [LogScriptEngine.java:265] [INFO] - Script timeout in 300000000000 ms
[18:02:43 - main] [ScriptRunner.java:386] [INFO] - Test script activated
[18:02:43 - Thread-1] [Simulation.java:252] [INFO] - Simulation main loop started, system time: 1662634963802
[01:01:32 - Thread-1] [LogScriptEngine.java:389] [INFO] - Test script at 5.00%, done in 2119048.2 sec
[02:45:38 - Thread-1] [LogScriptEngine.java:389] [INFO] - Test script at 10.00%, done in 1059970.7 sec
[05:46:58 - Thread-1] [LogScriptEngine.java:389] [INFO] - Test script at 15.00%, done in 729042.5 sec
[08:48:24 - Thread-1] [LogScriptEngine.java:389] [INFO] - Test script at 20.00%, done in 558162.0 sec
[11:50:28 - Thread-1] [LogScriptEngine.java:389] [INFO] - Test script at 25.00%, done in 451395.3 sec
[14:52:35 - Thread-1] [LogScriptEngine.java:389] [INFO] - Test script at 30.00%, done in 376580.1 sec
