[16:11:33 - main] [Cooja.java:3181] [WARN] - JAVA_HOME environment variable not set, Cooja motes may not compile
[16:11:33 - main] [Cooja.java:1324] [INFO] - > Starting Cooja
[16:11:33 - main] [Cooja.java:2865] [INFO] - External tools default settings: /external_tools_linux_64.config
[16:11:33 - main] [Cooja.java:2895] [INFO] - External tools user settings: /home/user/.cooja.user.properties
[16:11:33 - main] [Simulation.java:420] [INFO] - Simulation random seed: -6273895192829349108
[16:11:33 - main] [CompileContiki.java:140] [INFO] - > make udp-server.z1 TARGET=z1 
[16:11:33 - main] [CompileContiki.java:140] [INFO] - > make er-example-observe-client-4-1.z1 TARGET=z1 
[16:11:33 - main] [CompileContiki.java:140] [INFO] - > make er-example-server.z1 TARGET=z1 
[16:11:33 - main] [CompileContiki.java:140] [INFO] - > make er-example-server_observe_blockwise.z1 TARGET=z1 
[16:11:33 - main] [MspMote.java:235] [INFO] - Loading firmware from: /home/user/LabWork/EnCoCoRED/contiki-3/examples/ipv6/rpl-udp/udp-server.z1
[16:11:34 - main] [MspMote.java:235] [INFO] - Loading firmware from: /home/user/LabWork/EnCoCoRED/contiki-3/examples/er-rest-example/er-example-observe-client-4-1.z1
[16:11:34 - main] [MspMote.java:235] [INFO] - Loading firmware from: /home/user/LabWork/EnCoCoRED/contiki-3/examples/er-rest-example/er-example-server.z1
[16:11:34 - main] [MspMote.java:235] [INFO] - Loading firmware from: /home/user/LabWork/EnCoCoRED/contiki-3/examples/er-rest-example/er-example-server.z1
[16:11:34 - main] [MspMote.java:235] [INFO] - Loading firmware from: /home/user/LabWork/EnCoCoRED/contiki-3/examples/er-rest-example/er-example-server.z1
[16:11:34 - main] [MspMote.java:235] [INFO] - Loading firmware from: /home/user/LabWork/EnCoCoRED/contiki-3/examples/er-rest-example/er-example-server.z1
[16:11:34 - main] [MspMote.java:235] [INFO] - Loading firmware from: /home/user/LabWork/EnCoCoRED/contiki-3/examples/er-rest-example/er-example-server_observe_blockwise.z1
[16:11:34 - main] [Cooja.java:1790] [INFO] - Visualized plugin was not started: class org.contikios.cooja.plugins.SimControl
[16:11:34 - main] [Cooja.java:1790] [INFO] - Visualized plugin was not started: class org.contikios.cooja.plugins.Visualizer
[16:11:34 - main] [Cooja.java:1790] [INFO] - Visualized plugin was not started: class org.contikios.cooja.plugins.LogListener
[16:11:34 - main] [Cooja.java:1790] [INFO] - Visualized plugin was not started: class org.contikios.cooja.plugins.TimeLine
[16:11:34 - main] [Cooja.java:1790] [INFO] - Visualized plugin was not started: class org.contikios.cooja.plugins.Notes
[16:11:35 - main] [ScriptRunner.java:429] [INFO] - Test script deactivated
[16:11:35 - main] [LogScriptEngine.java:265] [INFO] - Script timeout in 300000000000 ms
[16:11:35 - main] [ScriptRunner.java:386] [INFO] - Test script activated
[16:11:35 - Thread-1] [Simulation.java:252] [INFO] - Simulation main loop started, system time: 1660554695738
[16:11:35 - main] [Cooja.java:1790] [INFO] - Visualized plugin was not started: class org.contikios.cooja.plugins.RadioLogger
[16:12:53 - Thread-0] [LogScriptEngine.java:309] [INFO] - Test script finished
[16:12:53 - Thread-1] [Simulation.java:311] [INFO] - Simulation main loop stopped, system time: 1660554773105	Duration: 77367 ms	Simulated time 1006327 ms	Ratio 13.00718652655525
[16:12:53 - AWT-EventQueue-0] [ScriptRunner.java:429] [INFO] - Test script deactivated
