[06:13:36 - main] [Cooja.java:3181] [WARN] - JAVA_HOME environment variable not set, Cooja motes may not compile
[06:13:36 - AWT-EventQueue-0] [Cooja.java:2865] [INFO] - External tools default settings: /external_tools_linux_64.config
[06:13:36 - AWT-EventQueue-0] [Cooja.java:2895] [INFO] - External tools user settings: /home/user/.cooja.user.properties
[06:13:50 - Thread-0] [Simulation.java:420] [INFO] - Simulation random seed: -2205928636450404226
[06:13:50 - Thread-0] [CompileContiki.java:140] [INFO] - > make udp-server.z1 TARGET=z1 
[06:13:50 - Thread-0] [CompileContiki.java:140] [INFO] - > make er-example-observe-client-16-0.z1 TARGET=z1 
[06:13:50 - Thread-0] [CompileContiki.java:140] [INFO] - > make er-example-server.z1 TARGET=z1 
[06:13:51 - Thread-0] [MspMote.java:235] [INFO] - Loading firmware from: /home/user/LabWork/FBB/contiki-3/examples/er-rest-example/../ipv6/rpl-udp/udp-server.z1
[06:13:51 - Thread-0] [MspMote.java:235] [INFO] - Loading firmware from: /home/user/LabWork/FBB/contiki-3/examples/er-rest-example/er-example-observe-client-16-0.z1
[06:13:51 - Thread-0] [MspMote.java:235] [INFO] - Loading firmware from: /home/user/LabWork/FBB/contiki-3/examples/er-rest-example/er-example-server.z1
[06:13:51 - Thread-0] [MspMote.java:235] [INFO] - Loading firmware from: /home/user/LabWork/FBB/contiki-3/examples/er-rest-example/er-example-server.z1
[06:13:51 - Thread-0] [MspMote.java:235] [INFO] - Loading firmware from: /home/user/LabWork/FBB/contiki-3/examples/er-rest-example/er-example-server.z1
[06:13:52 - Thread-0] [MspMote.java:235] [INFO] - Loading firmware from: /home/user/LabWork/FBB/contiki-3/examples/er-rest-example/er-example-server.z1
[06:13:52 - Thread-0] [MspMote.java:235] [INFO] - Loading firmware from: /home/user/LabWork/FBB/contiki-3/examples/er-rest-example/er-example-server.z1
[06:13:52 - Thread-0] [MspMote.java:235] [INFO] - Loading firmware from: /home/user/LabWork/FBB/contiki-3/examples/er-rest-example/er-example-server.z1
[06:13:52 - Thread-0] [MspMote.java:235] [INFO] - Loading firmware from: /home/user/LabWork/FBB/contiki-3/examples/er-rest-example/er-example-server.z1
[06:13:52 - Thread-0] [MspMote.java:235] [INFO] - Loading firmware from: /home/user/LabWork/FBB/contiki-3/examples/er-rest-example/er-example-server.z1
[06:13:52 - Thread-0] [MspMote.java:235] [INFO] - Loading firmware from: /home/user/LabWork/FBB/contiki-3/examples/er-rest-example/er-example-server.z1
[06:13:52 - Thread-0] [MspMote.java:235] [INFO] - Loading firmware from: /home/user/LabWork/FBB/contiki-3/examples/er-rest-example/er-example-server.z1
[06:13:52 - Thread-0] [MspMote.java:235] [INFO] - Loading firmware from: /home/user/LabWork/FBB/contiki-3/examples/er-rest-example/er-example-server.z1
[06:13:52 - Thread-0] [MspMote.java:235] [INFO] - Loading firmware from: /home/user/LabWork/FBB/contiki-3/examples/er-rest-example/er-example-server.z1
[06:13:52 - Thread-0] [MspMote.java:235] [INFO] - Loading firmware from: /home/user/LabWork/FBB/contiki-3/examples/er-rest-example/er-example-server.z1
[06:13:52 - Thread-0] [MspMote.java:235] [INFO] - Loading firmware from: /home/user/LabWork/FBB/contiki-3/examples/er-rest-example/er-example-server.z1
[06:13:52 - Thread-0] [Visualizer.java:256] [INFO] - Registered external visualizer: org.contikios.cooja.plugins.skins.DGRMVisualizerSkin
[06:13:52 - Thread-0] [TimeLine.java:567] [INFO] - Zoom level: 500.0 microseconds/pixel 
[06:13:53 - Thread-0] [ScriptRunner.java:429] [INFO] - Test script deactivated
[06:13:53 - Thread-0] [LogScriptEngine.java:265] [INFO] - Script timeout in 300000000000 ms
[06:13:54 - Thread-0] [ScriptRunner.java:386] [INFO] - Test script activated
[06:14:01 - Thread-1] [LogScriptEngine.java:309] [INFO] - Test script finished
[06:14:01 - AWT-EventQueue-0] [ScriptRunner.java:429] [INFO] - Test script deactivated
[06:14:06 - Thread-2] [Simulation.java:420] [INFO] - Simulation random seed: -3058546625262206276
[06:14:06 - Thread-2] [CompileContiki.java:140] [INFO] - > make udp-server.z1 TARGET=z1 
[06:14:06 - Thread-2] [CompileContiki.java:140] [INFO] - > make er-example-observe-client-16-0.z1 TARGET=z1 
[06:14:06 - Thread-2] [CompileContiki.java:140] [INFO] - > make er-example-server.z1 TARGET=z1 
[06:14:07 - Thread-2] [MspMote.java:235] [INFO] - Loading firmware from: /home/user/LabWork/FBB/contiki-3/examples/er-rest-example/../ipv6/rpl-udp/udp-server.z1
[06:14:07 - Thread-2] [MspMote.java:235] [INFO] - Loading firmware from: /home/user/LabWork/FBB/contiki-3/examples/er-rest-example/er-example-observe-client-16-0.z1
[06:14:07 - Thread-2] [MspMote.java:235] [INFO] - Loading firmware from: /home/user/LabWork/FBB/contiki-3/examples/er-rest-example/er-example-server.z1
[06:14:07 - Thread-2] [MspMote.java:235] [INFO] - Loading firmware from: /home/user/LabWork/FBB/contiki-3/examples/er-rest-example/er-example-server.z1
[06:14:07 - Thread-2] [MspMote.java:235] [INFO] - Loading firmware from: /home/user/LabWork/FBB/contiki-3/examples/er-rest-example/er-example-server.z1
[06:14:07 - Thread-2] [MspMote.java:235] [INFO] - Loading firmware from: /home/user/LabWork/FBB/contiki-3/examples/er-rest-example/er-example-server.z1
[06:14:08 - Thread-2] [MspMote.java:235] [INFO] - Loading firmware from: /home/user/LabWork/FBB/contiki-3/examples/er-rest-example/er-example-server.z1
[06:14:08 - Thread-2] [MspMote.java:235] [INFO] - Loading firmware from: /home/user/LabWork/FBB/contiki-3/examples/er-rest-example/er-example-server.z1
[06:14:08 - Thread-2] [MspMote.java:235] [INFO] - Loading firmware from: /home/user/LabWork/FBB/contiki-3/examples/er-rest-example/er-example-server.z1
[06:14:08 - Thread-2] [MspMote.java:235] [INFO] - Loading firmware from: /home/user/LabWork/FBB/contiki-3/examples/er-rest-example/er-example-server.z1
[06:14:08 - Thread-2] [MspMote.java:235] [INFO] - Loading firmware from: /home/user/LabWork/FBB/contiki-3/examples/er-rest-example/er-example-server.z1
[06:14:08 - Thread-2] [MspMote.java:235] [INFO] - Loading firmware from: /home/user/LabWork/FBB/contiki-3/examples/er-rest-example/er-example-server.z1
[06:14:08 - Thread-2] [MspMote.java:235] [INFO] - Loading firmware from: /home/user/LabWork/FBB/contiki-3/examples/er-rest-example/er-example-server.z1
[06:14:08 - Thread-2] [MspMote.java:235] [INFO] - Loading firmware from: /home/user/LabWork/FBB/contiki-3/examples/er-rest-example/er-example-server.z1
[06:14:08 - Thread-2] [MspMote.java:235] [INFO] - Loading firmware from: /home/user/LabWork/FBB/contiki-3/examples/er-rest-example/er-example-server.z1
[06:14:08 - Thread-2] [MspMote.java:235] [INFO] - Loading firmware from: /home/user/LabWork/FBB/contiki-3/examples/er-rest-example/er-example-server.z1
[06:14:08 - Thread-2] [TimeLine.java:567] [INFO] - Zoom level: 500.0 microseconds/pixel 
[06:14:09 - Thread-2] [ScriptRunner.java:429] [INFO] - Test script deactivated
[06:14:09 - Thread-2] [LogScriptEngine.java:265] [INFO] - Script timeout in 300000000000 ms
[06:14:09 - Thread-2] [ScriptRunner.java:386] [INFO] - Test script activated
[06:16:34 - Thread-4] [Simulation.java:252] [INFO] - Simulation main loop started, system time: 1662938194866
[06:23:06 - Thread-4] [Simulation.java:311] [INFO] - Simulation main loop stopped, system time: 1662938586178	Duration: 391312 ms	Simulated time 1880706 ms	Ratio 4.80615467964182
[06:23:19 - AWT-EventQueue-0] [Cooja.java:3497] [INFO] - Saved to file: /home/user/LabWork/FBB/contiki-3/examples/er-rest-example/16+0_Grid.csc
[06:23:27 - Thread-3] [LogScriptEngine.java:309] [INFO] - Test script finished
[06:23:27 - AWT-EventQueue-0] [ScriptRunner.java:429] [INFO] - Test script deactivated
