[04:56:48 - main] [Cooja.java:3181] [WARN] - JAVA_HOME environment variable not set, Cooja motes may not compile
[04:56:48 - AWT-EventQueue-0] [Cooja.java:2865] [INFO] - External tools default settings: /external_tools_linux_64.config
[04:56:48 - AWT-EventQueue-0] [Cooja.java:2895] [INFO] - External tools user settings: /home/roger/.cooja.user.properties
[04:56:59 - Thread-0] [Simulation.java:420] [INFO] - Simulation random seed: -1394239872599176495
[04:56:59 - Thread-0] [CompileContiki.java:140] [INFO] - > make udp-server.z1 TARGET=z1 
[04:57:00 - Thread-0] [CompileContiki.java:140] [INFO] - > make er-example-observe-client-12-1.z1 TARGET=z1 
[04:57:00 - Thread-0] [CompileContiki.java:140] [INFO] - > make er-example-server.z1 TARGET=z1 
[04:57:00 - Thread-0] [CompileContiki.java:140] [INFO] - > make er-example-server_observe_blockwise.z1 TARGET=z1 
[04:57:01 - Thread-0] [MspMote.java:235] [INFO] - Loading firmware from: /home/roger/LabWork/BEB/contiki-3/examples/ipv6/rpl-udp/udp-server.z1
[04:57:01 - Thread-0] [MspMote.java:235] [INFO] - Loading firmware from: /home/roger/LabWork/BEB/contiki-3/examples/er-rest-example/er-example-observe-client-12-1.z1
[04:57:02 - Thread-0] [MspMote.java:235] [INFO] - Loading firmware from: /home/roger/LabWork/BEB/contiki-3/examples/er-rest-example/er-example-server.z1
[04:57:03 - Thread-0] [MspMote.java:235] [INFO] - Loading firmware from: /home/roger/LabWork/BEB/contiki-3/examples/er-rest-example/er-example-server.z1
[04:57:03 - Thread-0] [MspMote.java:235] [INFO] - Loading firmware from: /home/roger/LabWork/BEB/contiki-3/examples/er-rest-example/er-example-server.z1
[04:57:03 - Thread-0] [MspMote.java:235] [INFO] - Loading firmware from: /home/roger/LabWork/BEB/contiki-3/examples/er-rest-example/er-example-server.z1
[04:57:03 - Thread-0] [MspMote.java:235] [INFO] - Loading firmware from: /home/roger/LabWork/BEB/contiki-3/examples/er-rest-example/er-example-server.z1
[04:57:03 - Thread-0] [MspMote.java:235] [INFO] - Loading firmware from: /home/roger/LabWork/BEB/contiki-3/examples/er-rest-example/er-example-server.z1
[04:57:03 - Thread-0] [MspMote.java:235] [INFO] - Loading firmware from: /home/roger/LabWork/BEB/contiki-3/examples/er-rest-example/er-example-server.z1
[04:57:03 - Thread-0] [MspMote.java:235] [INFO] - Loading firmware from: /home/roger/LabWork/BEB/contiki-3/examples/er-rest-example/er-example-server.z1
[04:57:03 - Thread-0] [MspMote.java:235] [INFO] - Loading firmware from: /home/roger/LabWork/BEB/contiki-3/examples/er-rest-example/er-example-server.z1
[04:57:03 - Thread-0] [MspMote.java:235] [INFO] - Loading firmware from: /home/roger/LabWork/BEB/contiki-3/examples/er-rest-example/er-example-server_observe_blockwise.z1
[04:57:04 - Thread-0] [Visualizer.java:256] [INFO] - Registered external visualizer: org.contikios.cooja.plugins.skins.DGRMVisualizerSkin
[04:57:04 - Thread-0] [TimeLine.java:567] [INFO] - Zoom level: 500.0 microseconds/pixel 
[04:57:06 - Thread-0] [ScriptRunner.java:429] [INFO] - Test script deactivated
[04:57:07 - Thread-0] [LogScriptEngine.java:265] [INFO] - Script timeout in 300000000000 ms
[04:57:08 - Thread-0] [ScriptRunner.java:386] [INFO] - Test script activated
[04:57:11 - Thread-2] [Simulation.java:252] [INFO] - Simulation main loop started, system time: 1665093431808
[05:12:28 - Thread-2] [Simulation.java:311] [INFO] - Simulation main loop stopped, system time: 1665094348809	Duration: 917001 ms	Simulated time 1606428 ms	Ratio 1.7518279696532502
[05:12:28 - Thread-1] [LogScriptEngine.java:309] [INFO] - Test script finished
