[15:13:07 - main] [Cooja.java:3181] [WARN] - JAVA_HOME environment variable not set, Cooja motes may not compile
[15:13:07 - main] [Cooja.java:1324] [INFO] - > Starting Cooja
[15:13:07 - main] [Cooja.java:2865] [INFO] - External tools default settings: /external_tools_linux_64.config
[15:13:07 - main] [Cooja.java:2895] [INFO] - External tools user settings: /home/roger/.cooja.user.properties
[15:13:07 - main] [Cooja.java:4267] [WARN] - Replaced [CONTIKI_DIR]/tools/cooja/apps/mrm with /home/roger/LabWork/Normal/tools/cooja/apps/mrm (default: ../../..), but could not find it. This does not have to be an error, as the file might be created later.
[15:13:07 - main] [ProjectConfig.java:240] [WARN] - Trying to import non-existant project configuration: /home/roger/LabWork/Normal/tools/cooja/apps/mrm/cooja.config
[15:13:07 - main] [Cooja.java:4267] [WARN] - Replaced [CONTIKI_DIR]/tools/cooja/apps/mspsim with /home/roger/LabWork/Normal/tools/cooja/apps/mspsim (default: ../../..), but could not find it. This does not have to be an error, as the file might be created later.
[15:13:07 - main] [ProjectConfig.java:240] [WARN] - Trying to import non-existant project configuration: /home/roger/LabWork/Normal/tools/cooja/apps/mspsim/cooja.config
[15:13:07 - main] [Cooja.java:4267] [WARN] - Replaced [CONTIKI_DIR]/tools/cooja/apps/avrora with /home/roger/LabWork/Normal/tools/cooja/apps/avrora (default: ../../..), but could not find it. This does not have to be an error, as the file might be created later.
[15:13:07 - main] [ProjectConfig.java:240] [WARN] - Trying to import non-existant project configuration: /home/roger/LabWork/Normal/tools/cooja/apps/avrora/cooja.config
[15:13:07 - main] [Cooja.java:4267] [WARN] - Replaced [CONTIKI_DIR]/tools/cooja/apps/serial_socket with /home/roger/LabWork/Normal/tools/cooja/apps/serial_socket (default: ../../..), but could not find it. This does not have to be an error, as the file might be created later.
[15:13:07 - main] [ProjectConfig.java:240] [WARN] - Trying to import non-existant project configuration: /home/roger/LabWork/Normal/tools/cooja/apps/serial_socket/cooja.config
[15:13:07 - main] [Cooja.java:4267] [WARN] - Replaced [CONTIKI_DIR]/tools/cooja/apps/collect-view with /home/roger/LabWork/Normal/tools/cooja/apps/collect-view (default: ../../..), but could not find it. This does not have to be an error, as the file might be created later.
[15:13:07 - main] [ProjectConfig.java:240] [WARN] - Trying to import non-existant project configuration: /home/roger/LabWork/Normal/tools/cooja/apps/collect-view/cooja.config
[15:13:07 - main] [Cooja.java:4267] [WARN] - Replaced [CONTIKI_DIR]/tools/cooja/apps/powertracker with /home/roger/LabWork/Normal/tools/cooja/apps/powertracker (default: ../../..), but could not find it. This does not have to be an error, as the file might be created later.
[15:13:07 - main] [ProjectConfig.java:240] [WARN] - Trying to import non-existant project configuration: /home/roger/LabWork/Normal/tools/cooja/apps/powertracker/cooja.config
[15:13:07 - main] [Cooja.java:445] [FATAL] - Error when loading extensions: Error when loading extension: Project directory does not exist: /home/roger/LabWork/Normal/tools/cooja/apps/mrm
org.contikios.cooja.Cooja$ParseProjectsException: Error when loading extension: Project directory does not exist: /home/roger/LabWork/Normal/tools/cooja/apps/mrm
	at org.contikios.cooja.Cooja.reparseProjectConfig(Cooja.java:1537)
	at org.contikios.cooja.Cooja.<init>(Cooja.java:443)
	at org.contikios.cooja.Cooja.quickStartSimulationConfig(Cooja.java:1329)
	at org.contikios.cooja.Cooja.main(Cooja.java:3248)
Caused by: java.io.FileNotFoundException: Project directory does not exist: /home/roger/LabWork/Normal/tools/cooja/apps/mrm
	at org.contikios.cooja.ProjectConfig.appendProjectDir(ProjectConfig.java:142)
	at org.contikios.cooja.Cooja.reparseProjectConfig(Cooja.java:1534)
	... 3 more
[15:13:07 - main] [Cooja.java:4267] [WARN] - Replaced [CONTIKI_DIR]/tools/cooja/apps/mrm with /home/roger/LabWork/Normal/tools/cooja/apps/mrm (default: ../../..), but could not find it. This does not have to be an error, as the file might be created later.
[15:13:07 - main] [Cooja.java:4267] [WARN] - Replaced [CONTIKI_DIR]/tools/cooja/apps/mspsim with /home/roger/LabWork/Normal/tools/cooja/apps/mspsim (default: ../../..), but could not find it. This does not have to be an error, as the file might be created later.
[15:13:07 - main] [Cooja.java:4267] [WARN] - Replaced [CONTIKI_DIR]/tools/cooja/apps/avrora with /home/roger/LabWork/Normal/tools/cooja/apps/avrora (default: ../../..), but could not find it. This does not have to be an error, as the file might be created later.
[15:13:07 - main] [Cooja.java:4267] [WARN] - Replaced [CONTIKI_DIR]/tools/cooja/apps/native_gateway with /home/roger/LabWork/Normal/tools/cooja/apps/native_gateway (default: ../../..), but could not find it. This does not have to be an error, as the file might be created later.
[15:13:07 - main] [Cooja.java:3631] [WARN] - Loaded simulation may depend on not found  extension: '/home/roger/LabWork/Normal/tools/cooja/apps/native_gateway'
[15:13:07 - main] [Cooja.java:4267] [WARN] - Replaced [CONTIKI_DIR]/tools/cooja/apps/serial_socket with /home/roger/LabWork/Normal/tools/cooja/apps/serial_socket (default: ../../..), but could not find it. This does not have to be an error, as the file might be created later.
[15:13:07 - main] [Cooja.java:3631] [WARN] - Loaded simulation may depend on not found  extension: '/home/user/contikiprojects/sics.se/mobility'
[15:13:07 - main] [Cooja.java:4267] [WARN] - Replaced [CONTIKI_DIR]/tools/cooja/apps/collect-view with /home/roger/LabWork/Normal/tools/cooja/apps/collect-view (default: ../../..), but could not find it. This does not have to be an error, as the file might be created later.
[15:13:07 - main] [Cooja.java:3631] [WARN] - Loaded simulation may depend on not found  extension: '/home/user/contikiprojects/sics.se/powertracker'
[15:13:07 - main] [Simulation.java:420] [INFO] - Simulation random seed: 123456
[15:13:07 - main] [Simulation.java:683] [FATAL] - Could not load mote type class: org.contikios.cooja.mspmote.SkyMoteType
[15:13:07 - main] [Cooja.java:1346] [FATAL] - Exception when loading simulation: 
org.contikios.cooja.Cooja$SimulationCreationException: Mote type creation error: Could not load mote type class: org.contikios.cooja.mspmote.SkyMoteType
	at org.contikios.cooja.Cooja.loadSimulationConfig(Cooja.java:3459)
	at org.contikios.cooja.Cooja.loadSimulationConfig(Cooja.java:3370)
	at org.contikios.cooja.Cooja.quickStartSimulationConfig(Cooja.java:1339)
	at org.contikios.cooja.Cooja.main(Cooja.java:3248)
Caused by: org.contikios.cooja.MoteType$MoteTypeCreationException: Could not load mote type class: org.contikios.cooja.mspmote.SkyMoteType
	at org.contikios.cooja.Simulation.setConfigXML(Simulation.java:684)
	at org.contikios.cooja.Cooja.loadSimulationConfig(Cooja.java:3440)
	... 3 more
